[    5138ms] [ERROR] %o

%s PrismaClientInitializationError: 
Invalid `prisma.appointment.findMany()` invocation:


Error querying the database: FATAL: Tenant or user not found
    at  Object.listByDateRange (about://React/Server/webpack-internal:///(rsc)/./src/lib/appointments/repository.prisma.ts?28:77:34)
    at  InicioPage (about://React/Server/webpack-internal:///(rsc)/./src/app/(vault)/inicio/page.tsx?29:50:29)
    at resolveErrorDev (webpack-internal:///(app-pages-browser)/./node_modules/.pnpm/next@15.5.12_react-dom@19.2.4_react@19.2.4/node_modules/next/dist/compiled/react-server-dom-webpack/cjs/react-server-dom-webpack-client.browser.development.js:2396:46)
    at processFullStringRow (webpack-internal:///(app-pages-browser)/./node_modules/.pnpm/next@15.5.12_react-dom@19.2.4_react@19.2.4/node_modules/next/dist/compiled/react-server-dom-webpack/cjs/react-server-dom-webpack-client.browser.development.js:2882:23)
    at processFullBinaryRow (webpack-internal:///(app-pages-browser)/./node_modules/.pnpm/next@15.5.12_react-dom@19.2.4_react@19.2.4/node_modules/next/dist/compiled/react-server-dom-webpack/cjs/react-server-dom-webpack-client.browser.development.js:2825:7)
    at processBinaryChunk (webpack-internal:///(app-pages-browser)/./node_modules/.pnpm/next@15.5.12_react-dom@19.2.4_react@19.2.4/node_modules/next/dist/compiled/react-server-dom-webpack/cjs/react-server-dom-webpack-client.browser.development.js:3028:15)
    at progress (webpack-internal:///(app-pages-browser)/./node_modules/.pnpm/next@15.5.12_react-dom@19.2.4_react@19.2.4/node_modules/next/dist/compiled/react-server-dom-webpack/cjs/react-server-dom-webpack-client.browser.development.js:3294:13) The above error occurred in the <InicioPage> component. It was handled by the <ErrorBoundaryHandler> error boundary. @ webpack-internal:///(app-pages-browser)/./node_modules/.pnpm/next@15.5.12_react-dom@19.2.4_react@19.2.4/node_modules/next/dist/client/react-client-callbacks/error-boundary-callbacks.js:67
[   23962ms] [ERROR] %o

%s PrismaClientInitializationError: 
Invalid `prisma.appointment.findMany()` invocation:


Error querying the database: FATAL: Tenant or user not found
    at  Object.listByDateRange (about://React/Server/webpack-internal:///(rsc)/./src/lib/appointments/repository.prisma.ts?31:77:34)
    at  AgendaPage (about://React/Server/webpack-internal:///(rsc)/./src/app/(vault)/agenda/page.tsx?32:75:26)
    at resolveErrorDev (webpack-internal:///(app-pages-browser)/./node_modules/.pnpm/next@15.5.12_react-dom@19.2.4_react@19.2.4/node_modules/next/dist/compiled/react-server-dom-webpack/cjs/react-server-dom-webpack-client.browser.development.js:2396:46)
    at processFullStringRow (webpack-internal:///(app-pages-browser)/./node_modules/.pnpm/next@15.5.12_react-dom@19.2.4_react@19.2.4/node_modules/next/dist/compiled/react-server-dom-webpack/cjs/react-server-dom-webpack-client.browser.development.js:2882:23)
    at processFullBinaryRow (webpack-internal:///(app-pages-browser)/./node_modules/.pnpm/next@15.5.12_react-dom@19.2.4_react@19.2.4/node_modules/next/dist/compiled/react-server-dom-webpack/cjs/react-server-dom-webpack-client.browser.development.js:2825:7)
    at processBinaryChunk (webpack-internal:///(app-pages-browser)/./node_modules/.pnpm/next@15.5.12_react-dom@19.2.4_react@19.2.4/node_modules/next/dist/compiled/react-server-dom-webpack/cjs/react-server-dom-webpack-client.browser.development.js:3028:15)
    at progress (webpack-internal:///(app-pages-browser)/./node_modules/.pnpm/next@15.5.12_react-dom@19.2.4_react@19.2.4/node_modules/next/dist/compiled/react-server-dom-webpack/cjs/react-server-dom-webpack-client.browser.development.js:3294:13) The above error occurred in the <AgendaPage> component. It was handled by the <ErrorBoundaryHandler> error boundary. @ webpack-internal:///(app-pages-browser)/./node_modules/.pnpm/next@15.5.12_react-dom@19.2.4_react@19.2.4/node_modules/next/dist/client/react-client-callbacks/error-boundary-callbacks.js:67
